<?xml version="1.0" encoding="UTF-8"?>
<!-- Generated by org.testng.reporters.JUnitXMLReporter -->
<testsuite hostname="HOME" failures="2" tests="2" name="HomePageTest" time="4.862" errors="0" timestamp="25 Aug 2019 16:55:16 GMT">
  <testcase classname="etruckingSolution.HomePageTest" name="homePage" time="1.943">
    <failure type="java.lang.AssertionError" message="expected [true] but found [false]">
      <![CDATA[java.lang.AssertionError: expected [true] but found [false]
	at etruckingSolution.HomePageTest.homePage(HomePageTest.java:57)
... Removed 28 stack frames]]>
    </failure>
  </testcase> <!-- homePage -->
  <testcase classname="etruckingSolution.HomePageTest" name="homePage" time="4.862">
    <failure type="java.lang.NullPointerException">
      <![CDATA[java.lang.NullPointerException
	at resources.Base.getScreenshot(Base.java:50)
	at etruckingSolution.listeners.onTestFailure(listeners.java:32)
... Removed 21 stack frames]]>
    </failure>
  </testcase> <!-- homePage -->
</testsuite> <!-- HomePageTest -->
