<?xml version="1.0" encoding="UTF-8"?>
<!-- Generated by org.testng.reporters.JUnitXMLReporter -->
<testsuite hostname="HOME" failures="1" tests="1" name="Test" time="5.488" errors="0" timestamp="31 Aug 2019 08:12:34 GMT">
  <testcase classname="etruckingSolution.LoginPageTest" name="signin" time="2.593">
    <failure type="java.util.NoSuchElementException">
      <![CDATA[java.util.NoSuchElementException
	at java.base/java.util.LinkedHashMap$LinkedHashIterator.nextNode(LinkedHashMap.java:721)
	at java.base/java.util.LinkedHashMap$LinkedKeyIterator.next(LinkedHashMap.java:741)
	at etruckingSolution.LoginPageTest.signin(LoginPageTest.java:52)
... Removed 24 stack frames]]>
    </failure>
  </testcase> <!-- signin -->
</testsuite> <!-- Test -->
