<?xml version="1.0" encoding="UTF-8"?>
<testng-results total="1" passed="1" failed="0" skipped="0">
  <reporter-output>
  </reporter-output>
  <suite started-at="2019-08-31T08:25:08Z" name="Default suite" finished-at="2019-08-31T08:25:18Z" duration-ms="10861">
    <groups>
    </groups>
    <test started-at="2019-08-31T08:25:08Z" name="Default test" finished-at="2019-08-31T08:25:18Z" duration-ms="10861">
      <class name="etruckingSolution.LoginPageTest">
        <test-method is-config="true" signature="setup()[pri:0, instance:etruckingSolution.LoginPageTest@6156496]" started-at="2019-08-31T01:25:08Z" name="setup" finished-at="2019-08-31T01:25:10Z" duration-ms="2776" status="PASS">
          <reporter-output>
          </reporter-output>
        </test-method> <!-- setup -->
        <test-method signature="signin()[pri:0, instance:etruckingSolution.LoginPageTest@6156496]" started-at="2019-08-31T01:25:10Z" name="signin" finished-at="2019-08-31T01:25:18Z" duration-ms="8070" status="PASS">
          <reporter-output>
          </reporter-output>
        </test-method> <!-- signin -->
        <test-method is-config="true" signature="closeBrowser()[pri:0, instance:etruckingSolution.LoginPageTest@6156496]" started-at="2019-08-31T01:25:18Z" name="closeBrowser" finished-at="2019-08-31T01:25:18Z" duration-ms="0" status="PASS">
          <reporter-output>
          </reporter-output>
        </test-method> <!-- closeBrowser -->
      </class> <!-- etruckingSolution.LoginPageTest -->
    </test> <!-- Default test -->
  </suite> <!-- Default suite -->
</testng-results>
